<?xml version="1.0" encoding="UTF-8"?>
<testsuite name="kr.kakao.lastExam.CommentTests" tests="1" skipped="0" failures="0" errors="0" timestamp="2016-06-05T04:06:38" hostname="JKMac.local" time="0.05">
  <properties/>
  <testcase name="commentDelete" classname="kr.kakao.lastExam.CommentTests" time="0.05"/>
  <system-out><![CDATA[13:06:34.289 [Test worker] DEBUG org.springframework.test.context.junit4.SpringJUnit4ClassRunner - SpringJUnit4ClassRunner constructor called with [class kr.kakao.lastExam.CommentTests]
13:06:34.292 [Test worker] DEBUG org.springframework.test.context.BootstrapUtils - Instantiating CacheAwareContextLoaderDelegate from class [org.springframework.test.context.cache.DefaultCacheAwareContextLoaderDelegate]
13:06:34.295 [Test worker] DEBUG org.springframework.test.context.BootstrapUtils - Instantiating BootstrapContext using constructor [public org.springframework.test.context.support.DefaultBootstrapContext(java.lang.Class,org.springframework.test.context.CacheAwareContextLoaderDelegate)]
13:06:34.305 [Test worker] DEBUG org.springframework.test.context.BootstrapUtils - Instantiating TestContextBootstrapper for test class [kr.kakao.lastExam.CommentTests] from class [org.springframework.test.context.web.WebTestContextBootstrapper]
13:06:34.320 [Test worker] DEBUG org.springframework.test.context.web.WebTestContextBootstrapper - Found explicit ContextLoader class [org.springframework.boot.test.SpringApplicationContextLoader] for context configuration attributes [ContextConfigurationAttributes@62741e21 declaringClass = 'kr.kakao.lastExam.CommentTests', classes = '{class kr.kakao.lastExam.ApplicationContextForProject}', locations = '{}', inheritLocations = true, initializers = '{}', inheritInitializers = true, name = [null], contextLoaderClass = 'org.springframework.boot.test.SpringApplicationContextLoader']
13:06:34.326 [Test worker] DEBUG org.springframework.test.context.support.AbstractContextLoader - Did not detect default resource location for test class [kr.kakao.lastExam.CommentTests]: class path resource [kr/kakao/lastExam/CommentTests-context.xml] does not exist
13:06:34.326 [Test worker] DEBUG org.springframework.test.context.support.AbstractContextLoader - Did not detect default resource location for test class [kr.kakao.lastExam.CommentTests]: class path resource [kr/kakao/lastExam/CommentTestsContext.groovy] does not exist
13:06:34.326 [Test worker] INFO org.springframework.test.context.support.AbstractContextLoader - Could not detect default resource locations for test class [kr.kakao.lastExam.CommentTests]: no resource found for suffixes {-context.xml, Context.groovy}.
13:06:34.328 [Test worker] DEBUG org.springframework.test.context.support.ActiveProfilesUtils - Could not find an 'annotation declaring class' for annotation type [org.springframework.test.context.ActiveProfiles] and class [kr.kakao.lastExam.CommentTests]
13:06:34.330 [Test worker] DEBUG org.springframework.test.context.web.WebTestContextBootstrapper - @TestExecutionListeners is not present for class [kr.kakao.lastExam.CommentTests]: using defaults.
13:06:34.337 [Test worker] INFO org.springframework.test.context.web.WebTestContextBootstrapper - Loaded default TestExecutionListener class names from location [META-INF/spring.factories]: [org.springframework.test.context.web.ServletTestExecutionListener, org.springframework.test.context.support.DirtiesContextBeforeModesTestExecutionListener, org.springframework.test.context.support.DependencyInjectionTestExecutionListener, org.springframework.test.context.support.DirtiesContextTestExecutionListener, org.springframework.test.context.transaction.TransactionalTestExecutionListener, org.springframework.test.context.jdbc.SqlScriptsTestExecutionListener]
13:06:34.356 [Test worker] INFO org.springframework.test.context.web.WebTestContextBootstrapper - Using TestExecutionListeners: [org.springframework.test.context.web.ServletTestExecutionListener@1c6fa972, org.springframework.test.context.support.DirtiesContextBeforeModesTestExecutionListener@533c8afd, org.springframework.test.context.support.DependencyInjectionTestExecutionListener@6b075393, org.springframework.test.context.support.DirtiesContextTestExecutionListener@7e645c45, org.springframework.test.context.transaction.TransactionalTestExecutionListener@1fa14ec2, org.springframework.test.context.jdbc.SqlScriptsTestExecutionListener@287d54a9]
13:06:34.360 [Test worker] DEBUG org.springframework.test.annotation.ProfileValueUtils - Retrieved @ProfileValueSourceConfiguration [null] for test class [kr.kakao.lastExam.CommentTests]
13:06:34.360 [Test worker] DEBUG org.springframework.test.annotation.ProfileValueUtils - Retrieved ProfileValueSource type [class org.springframework.test.annotation.SystemProfileValueSource] for class [kr.kakao.lastExam.CommentTests]
13:06:34.361 [Test worker] DEBUG org.springframework.test.annotation.ProfileValueUtils - Retrieved @ProfileValueSourceConfiguration [null] for test class [kr.kakao.lastExam.CommentTests]
13:06:34.361 [Test worker] DEBUG org.springframework.test.annotation.ProfileValueUtils - Retrieved ProfileValueSource type [class org.springframework.test.annotation.SystemProfileValueSource] for class [kr.kakao.lastExam.CommentTests]
13:06:34.363 [Test worker] DEBUG org.springframework.test.context.support.AbstractDirtiesContextTestExecutionListener - Before test class: context [DefaultTestContext@3e62301c testClass = CommentTests, testInstance = [null], testMethod = [null], testException = [null], mergedContextConfiguration = [WebMergedContextConfiguration@594dc06 testClass = CommentTests, locations = '{}', classes = '{class kr.kakao.lastExam.ApplicationContextForProject}', contextInitializerClasses = '[]', activeProfiles = '{}', propertySourceLocations = '{}', propertySourceProperties = '{}', resourceBasePath = 'src/main/webapp', contextLoader = 'org.springframework.boot.test.SpringApplicationContextLoader', parent = [null]]], class annotated with @DirtiesContext [false] with mode [null].
13:06:34.364 [Test worker] DEBUG org.springframework.test.annotation.ProfileValueUtils - Retrieved @ProfileValueSourceConfiguration [null] for test class [kr.kakao.lastExam.CommentTests]
13:06:34.364 [Test worker] DEBUG org.springframework.test.annotation.ProfileValueUtils - Retrieved ProfileValueSource type [class org.springframework.test.annotation.SystemProfileValueSource] for class [kr.kakao.lastExam.CommentTests]
13:06:34.417 [Test worker] DEBUG org.springframework.core.env.StandardEnvironment - Adding [systemProperties] PropertySource with lowest search precedence
13:06:34.418 [Test worker] DEBUG org.springframework.core.env.StandardEnvironment - Adding [systemEnvironment] PropertySource with lowest search precedence
13:06:34.418 [Test worker] DEBUG org.springframework.core.env.StandardEnvironment - Initialized StandardEnvironment with PropertySources [systemProperties,systemEnvironment]
13:06:34.419 [Test worker] DEBUG org.springframework.core.env.StandardEnvironment - Adding [integrationTest] PropertySource with search precedence immediately lower than [systemEnvironment]

  .   ____          _            __ _ _
 /\\ / ___'_ __ _ _(_)_ __  __ _ \ \ \ \
( ( )\___ | '_ | '_| | '_ \/ _` | \ \ \ \
 \\/  ___)| |_)| | | | | || (_| |  ) ) ) )
  '  |____| .__|_| |_|_| |_\__, | / / / /
 =========|_|==============|___/=/_/_/_/
 :: Spring Boot ::        (v1.3.5.RELEASE)

2016-06-05 13:06:35.080  INFO 20352 --- [    Test worker] kr.kakao.lastExam.CommentTests           : Starting CommentTests on JKMac.local with PID 20352 (/Users/JKKim/WorkSpace/kakao-lastexam/build/classes/test started by JKKim in /Users/JKKim/WorkSpace/kakao-lastexam)
2016-06-05 13:06:35.080  INFO 20352 --- [    Test worker] kr.kakao.lastExam.CommentTests           : No active profile set, falling back to default profiles: default
2016-06-05 13:06:35.300  INFO 20352 --- [    Test worker] o.s.w.c.s.GenericWebApplicationContext   : Refreshing org.springframework.web.context.support.GenericWebApplicationContext@7fa7e03c: startup date [Sun Jun 05 13:06:35 KST 2016]; root of context hierarchy
2016-06-05 13:06:36.346  INFO 20352 --- [    Test worker] trationDelegate$BeanPostProcessorChecker : Bean 'org.springframework.transaction.annotation.ProxyTransactionManagementConfiguration' of type [class org.springframework.transaction.annotation.ProxyTransactionManagementConfiguration$$EnhancerBySpringCGLIB$$df087592] is not eligible for getting processed by all BeanPostProcessors (for example: not eligible for auto-proxying)
2016-06-05 13:06:37.001  INFO 20352 --- [    Test worker] j.LocalContainerEntityManagerFactoryBean : Building JPA container EntityManagerFactory for persistence unit 'default'
2016-06-05 13:06:37.018  INFO 20352 --- [    Test worker] o.hibernate.jpa.internal.util.LogHelper  : HHH000204: Processing PersistenceUnitInfo [
	name: default
	...]
2016-06-05 13:06:37.069  INFO 20352 --- [    Test worker] org.hibernate.Version                    : HHH000412: Hibernate Core {4.3.11.Final}
2016-06-05 13:06:37.070  INFO 20352 --- [    Test worker] org.hibernate.cfg.Environment            : HHH000206: hibernate.properties not found
2016-06-05 13:06:37.071  INFO 20352 --- [    Test worker] org.hibernate.cfg.Environment            : HHH000021: Bytecode provider name : javassist
2016-06-05 13:06:37.281  INFO 20352 --- [    Test worker] o.hibernate.annotations.common.Version   : HCANN000001: Hibernate Commons Annotations {4.0.5.Final}
2016-06-05 13:06:37.322  INFO 20352 --- [    Test worker] org.hibernate.dialect.Dialect            : HHH000400: Using dialect: org.hibernate.dialect.MySQLDialect
2016-06-05 13:06:37.427  INFO 20352 --- [    Test worker] o.h.h.i.ast.ASTQueryTranslatorFactory    : HHH000397: Using ASTQueryTranslatorFactory
2016-06-05 13:06:38.038  INFO 20352 --- [    Test worker] o.s.w.s.handler.SimpleUrlHandlerMapping  : Mapped URL path [/**/favicon.ico] onto handler of type [class org.springframework.web.servlet.resource.ResourceHttpRequestHandler]
2016-06-05 13:06:38.151  INFO 20352 --- [    Test worker] s.w.s.m.m.a.RequestMappingHandlerAdapter : Looking for @ControllerAdvice: org.springframework.web.context.support.GenericWebApplicationContext@7fa7e03c: startup date [Sun Jun 05 13:06:35 KST 2016]; root of context hierarchy
2016-06-05 13:06:38.200  INFO 20352 --- [    Test worker] s.w.s.m.m.a.RequestMappingHandlerMapping : Mapped "{[/]}" onto public org.springframework.web.servlet.ModelAndView kr.kakao.lastExam.controller.AppController.index(kr.kakao.lastExam.model.User,org.springframework.data.domain.Page<kr.kakao.lastExam.model.Comment>)
2016-06-05 13:06:38.200  INFO 20352 --- [    Test worker] s.w.s.m.m.a.RequestMappingHandlerMapping : Mapped "{[/register],methods=[GET]}" onto public java.lang.String kr.kakao.lastExam.controller.AppController.register()
2016-06-05 13:06:38.201  INFO 20352 --- [    Test worker] s.w.s.m.m.a.RequestMappingHandlerMapping : Mapped "{[/comments/{seqNum}],methods=[GET]}" onto public java.lang.String kr.kakao.lastExam.controller.AppController.delete(int)
2016-06-05 13:06:38.201  INFO 20352 --- [    Test worker] s.w.s.m.m.a.RequestMappingHandlerMapping : Mapped "{[/logout]}" onto public java.lang.String kr.kakao.lastExam.controller.AppController.logout(org.springframework.web.bind.support.SessionStatus)
2016-06-05 13:06:38.201  INFO 20352 --- [    Test worker] s.w.s.m.m.a.RequestMappingHandlerMapping : Mapped "{[/login],methods=[GET]}" onto public java.lang.String kr.kakao.lastExam.controller.AppController.login()
2016-06-05 13:06:38.201  INFO 20352 --- [    Test worker] s.w.s.m.m.a.RequestMappingHandlerMapping : Mapped "{[/pageNum],methods=[GET]}" onto public org.springframework.http.ResponseEntity<?> kr.kakao.lastExam.controller.AppController.pageNum(int)
2016-06-05 13:06:38.201  INFO 20352 --- [    Test worker] s.w.s.m.m.a.RequestMappingHandlerMapping : Mapped "{[/login],methods=[POST]}" onto public void kr.kakao.lastExam.controller.AppController.loginAfter(java.lang.String,java.lang.String,org.springframework.ui.Model,javax.servlet.http.HttpServletResponse) throws java.io.IOException
2016-06-05 13:06:38.202  INFO 20352 --- [    Test worker] s.w.s.m.m.a.RequestMappingHandlerMapping : Mapped "{[/comments],methods=[POST]}" onto public void kr.kakao.lastExam.controller.AppController.writeComment(java.lang.String,java.lang.String,javax.servlet.http.HttpServletResponse) throws java.io.IOException
2016-06-05 13:06:38.202  INFO 20352 --- [    Test worker] s.w.s.m.m.a.RequestMappingHandlerMapping : Mapped "{[/register],methods=[POST]}" onto public java.lang.String kr.kakao.lastExam.controller.AppController.getRegister(kr.kakao.lastExam.model.User)
2016-06-05 13:06:38.202  INFO 20352 --- [    Test worker] s.w.s.m.m.a.RequestMappingHandlerMapping : Mapped "{[/popup]}" onto public java.lang.String kr.kakao.lastExam.controller.AppController.popup(kr.kakao.lastExam.model.User,javax.servlet.http.HttpServletResponse)
2016-06-05 13:06:38.202  INFO 20352 --- [    Test worker] s.w.s.m.m.a.RequestMappingHandlerMapping : Mapped "{[/comments/like],methods=[GET]}" onto public org.springframework.http.ResponseEntity<?> kr.kakao.lastExam.controller.AppController.commentLike(int)
2016-06-05 13:06:38.202  INFO 20352 --- [    Test worker] s.w.s.m.m.a.RequestMappingHandlerMapping : Mapped "{[/comments/unlike],methods=[GET]}" onto public org.springframework.http.ResponseEntity<?> kr.kakao.lastExam.controller.AppController.commentUnlike(int)
2016-06-05 13:06:38.203  INFO 20352 --- [    Test worker] s.w.s.m.m.a.RequestMappingHandlerMapping : Mapped "{[/comments/{seqNum}],methods=[POST || DELETE]}" onto public org.springframework.http.ResponseEntity<?> kr.kakao.lastExam.controller.RestController.delete(int,org.springframework.web.util.UriComponentsBuilder)
2016-06-05 13:06:38.208  INFO 20352 --- [    Test worker] s.w.s.m.m.a.RequestMappingHandlerMapping : Mapped "{[/error]}" onto public org.springframework.http.ResponseEntity<java.util.Map<java.lang.String, java.lang.Object>> org.springframework.boot.autoconfigure.web.BasicErrorController.error(javax.servlet.http.HttpServletRequest)
2016-06-05 13:06:38.208  INFO 20352 --- [    Test worker] s.w.s.m.m.a.RequestMappingHandlerMapping : Mapped "{[/error],produces=[text/html]}" onto public org.springframework.web.servlet.ModelAndView org.springframework.boot.autoconfigure.web.BasicErrorController.errorHtml(javax.servlet.http.HttpServletRequest,javax.servlet.http.HttpServletResponse)
2016-06-05 13:06:38.212  INFO 20352 --- [    Test worker] o.s.w.s.c.a.WebMvcConfigurerAdapter      : Adding welcome page: ServletContext resource [/WEB-INF/views/index.html]
2016-06-05 13:06:38.216  INFO 20352 --- [    Test worker] o.s.w.s.handler.SimpleUrlHandlerMapping  : Root mapping to handler of type [class org.springframework.web.servlet.mvc.ParameterizableViewController]
2016-06-05 13:06:38.223  INFO 20352 --- [    Test worker] o.s.w.s.handler.SimpleUrlHandlerMapping  : Mapped URL path [/webjars/**] onto handler of type [class org.springframework.web.servlet.resource.ResourceHttpRequestHandler]
2016-06-05 13:06:38.224  INFO 20352 --- [    Test worker] o.s.w.s.handler.SimpleUrlHandlerMapping  : Mapped URL path [/**] onto handler of type [class org.springframework.web.servlet.resource.ResourceHttpRequestHandler]
2016-06-05 13:06:38.751  INFO 20352 --- [    Test worker] o.s.c.support.DefaultLifecycleProcessor  : Starting beans in phase 2147483647
2016-06-05 13:06:38.770  INFO 20352 --- [    Test worker] kr.kakao.lastExam.CommentTests           : Started CommentTests in 4.345 seconds (JVM running for 5.113)
2016-06-05 13:06:38.807  INFO 20352 --- [    Test worker] o.s.t.c.transaction.TransactionContext   : Began transaction (1) for test context [DefaultTestContext@3e62301c testClass = CommentTests, testInstance = kr.kakao.lastExam.CommentTests@14112c79, testMethod = commentDelete@CommentTests, testException = [null], mergedContextConfiguration = [WebMergedContextConfiguration@594dc06 testClass = CommentTests, locations = '{}', classes = '{class kr.kakao.lastExam.ApplicationContextForProject}', contextInitializerClasses = '[]', activeProfiles = '{}', propertySourceLocations = '{}', propertySourceProperties = '{}', resourceBasePath = 'src/main/webapp', contextLoader = 'org.springframework.boot.test.SpringApplicationContextLoader', parent = [null]]]; transaction manager [org.springframework.orm.jpa.JpaTransactionManager@6994b313]; rollback [true]
2016-06-05 13:06:38.850  INFO 20352 --- [    Test worker] o.s.t.c.transaction.TransactionContext   : Rolled back transaction for test context [DefaultTestContext@3e62301c testClass = CommentTests, testInstance = kr.kakao.lastExam.CommentTests@14112c79, testMethod = commentDelete@CommentTests, testException = [null], mergedContextConfiguration = [WebMergedContextConfiguration@594dc06 testClass = CommentTests, locations = '{}', classes = '{class kr.kakao.lastExam.ApplicationContextForProject}', contextInitializerClasses = '[]', activeProfiles = '{}', propertySourceLocations = '{}', propertySourceProperties = '{}', resourceBasePath = 'src/main/webapp', contextLoader = 'org.springframework.boot.test.SpringApplicationContextLoader', parent = [null]]].
]]></system-out>
  <system-err><![CDATA[]]></system-err>
</testsuite>
