<?xml version="1.0" encoding="UTF-8"?>
<testsuite name="kr.kakao.lastExam.SpringBootApplicationTests" tests="1" skipped="0" failures="0" errors="0" timestamp="2016-05-29T06:20:15" hostname="JKMac.local" time="0.001">
  <properties/>
  <testcase name="contextLoads" classname="kr.kakao.lastExam.SpringBootApplicationTests" time="0.001"/>
  <system-out><![CDATA[2016-05-29 15:20:15.294  INFO 17483 --- [    Test worker] o.s.t.c.support.AbstractContextLoader    : Could not detect default resource locations for test class [kr.kakao.lastExam.SpringBootApplicationTests]: no resource found for suffixes {-context.xml, Context.groovy}.
2016-05-29 15:20:15.297  INFO 17483 --- [    Test worker] o.s.t.c.web.WebTestContextBootstrapper   : Loaded default TestExecutionListener class names from location [META-INF/spring.factories]: [org.springframework.test.context.web.ServletTestExecutionListener, org.springframework.test.context.support.DirtiesContextBeforeModesTestExecutionListener, org.springframework.test.context.support.DependencyInjectionTestExecutionListener, org.springframework.test.context.support.DirtiesContextTestExecutionListener, org.springframework.test.context.transaction.TransactionalTestExecutionListener, org.springframework.test.context.jdbc.SqlScriptsTestExecutionListener]
2016-05-29 15:20:15.298  INFO 17483 --- [    Test worker] o.s.t.c.web.WebTestContextBootstrapper   : Using TestExecutionListeners: [org.springframework.test.context.web.ServletTestExecutionListener@c911e4, org.springframework.test.context.support.DirtiesContextBeforeModesTestExecutionListener@5b49d06a, org.springframework.test.context.support.DependencyInjectionTestExecutionListener@3deee388, org.springframework.test.context.support.DirtiesContextTestExecutionListener@7db60041, org.springframework.test.context.transaction.TransactionalTestExecutionListener@35387822, org.springframework.test.context.jdbc.SqlScriptsTestExecutionListener@20e7246f]
]]></system-out>
  <system-err><![CDATA[]]></system-err>
</testsuite>
