<?xml version="1.0" encoding="UTF-8"?>
<testsuite name="kr.kakao.lastExam.UserTests" tests="1" skipped="0" failures="0" errors="0" timestamp="2016-06-05T04:37:26" hostname="JKMac.local" time="0.002">
  <properties/>
  <testcase name="usersGet" classname="kr.kakao.lastExam.UserTests" time="0.002"/>
  <system-out><![CDATA[2016-06-05 13:37:26.227  INFO 20738 --- [    Test worker] o.s.t.c.support.AbstractContextLoader    : Could not detect default resource locations for test class [kr.kakao.lastExam.UserTests]: no resource found for suffixes {-context.xml, Context.groovy}.
2016-06-05 13:37:26.229  INFO 20738 --- [    Test worker] o.s.t.c.web.WebTestContextBootstrapper   : Loaded default TestExecutionListener class names from location [META-INF/spring.factories]: [org.springframework.test.context.web.ServletTestExecutionListener, org.springframework.test.context.support.DirtiesContextBeforeModesTestExecutionListener, org.springframework.test.context.support.DependencyInjectionTestExecutionListener, org.springframework.test.context.support.DirtiesContextTestExecutionListener, org.springframework.test.context.transaction.TransactionalTestExecutionListener, org.springframework.test.context.jdbc.SqlScriptsTestExecutionListener]
2016-06-05 13:37:26.229  INFO 20738 --- [    Test worker] o.s.t.c.web.WebTestContextBootstrapper   : Using TestExecutionListeners: [org.springframework.test.context.web.ServletTestExecutionListener@143234a2, org.springframework.test.context.support.DirtiesContextBeforeModesTestExecutionListener@75cf4beb, org.springframework.test.context.support.DependencyInjectionTestExecutionListener@128c2af2, org.springframework.test.context.support.DirtiesContextTestExecutionListener@24dc5ae5, org.springframework.test.context.transaction.TransactionalTestExecutionListener@214eedf8, org.springframework.test.context.jdbc.SqlScriptsTestExecutionListener@2ed16a29]
2016-06-05 13:37:26.238  INFO 20738 --- [    Test worker] o.s.t.c.transaction.TransactionContext   : Began transaction (1) for test context [DefaultTestContext@1b346c93 testClass = UserTests, testInstance = kr.kakao.lastExam.UserTests@4d436320, testMethod = usersGet@UserTests, testException = [null], mergedContextConfiguration = [WebMergedContextConfiguration@5df90ebb testClass = UserTests, locations = '{}', classes = '{class kr.kakao.lastExam.ApplicationContextForProject}', contextInitializerClasses = '[]', activeProfiles = '{}', propertySourceLocations = '{}', propertySourceProperties = '{}', resourceBasePath = 'src/main/webapp', contextLoader = 'org.springframework.boot.test.SpringApplicationContextLoader', parent = [null]]]; transaction manager [org.springframework.orm.jpa.JpaTransactionManager@1c0be056]; rollback [true]
2016-06-05 13:37:26.239  INFO 20738 --- [    Test worker] o.s.t.c.transaction.TransactionContext   : Rolled back transaction for test context [DefaultTestContext@1b346c93 testClass = UserTests, testInstance = kr.kakao.lastExam.UserTests@4d436320, testMethod = usersGet@UserTests, testException = [null], mergedContextConfiguration = [WebMergedContextConfiguration@5df90ebb testClass = UserTests, locations = '{}', classes = '{class kr.kakao.lastExam.ApplicationContextForProject}', contextInitializerClasses = '[]', activeProfiles = '{}', propertySourceLocations = '{}', propertySourceProperties = '{}', resourceBasePath = 'src/main/webapp', contextLoader = 'org.springframework.boot.test.SpringApplicationContextLoader', parent = [null]]].
]]></system-out>
  <system-err><![CDATA[]]></system-err>
</testsuite>
