<?xml version="1.0" encoding="UTF-8"?>
<testsuite name="kr.kakao.lastExam.UserTests" tests="1" skipped="0" failures="0" errors="0" timestamp="2016-06-05T04:06:38" hostname="JKMac.local" time="0.006">
  <properties/>
  <testcase name="userDelete" classname="kr.kakao.lastExam.UserTests" time="0.006"/>
  <system-out><![CDATA[2016-06-05 13:06:38.853  INFO 20352 --- [    Test worker] o.s.t.c.support.AbstractContextLoader    : Could not detect default resource locations for test class [kr.kakao.lastExam.UserTests]: no resource found for suffixes {-context.xml, Context.groovy}.
2016-06-05 13:06:38.855  INFO 20352 --- [    Test worker] o.s.t.c.web.WebTestContextBootstrapper   : Loaded default TestExecutionListener class names from location [META-INF/spring.factories]: [org.springframework.test.context.web.ServletTestExecutionListener, org.springframework.test.context.support.DirtiesContextBeforeModesTestExecutionListener, org.springframework.test.context.support.DependencyInjectionTestExecutionListener, org.springframework.test.context.support.DirtiesContextTestExecutionListener, org.springframework.test.context.transaction.TransactionalTestExecutionListener, org.springframework.test.context.jdbc.SqlScriptsTestExecutionListener]
2016-06-05 13:06:38.855  INFO 20352 --- [    Test worker] o.s.t.c.web.WebTestContextBootstrapper   : Using TestExecutionListeners: [org.springframework.test.context.web.ServletTestExecutionListener@6ea517e1, org.springframework.test.context.support.DirtiesContextBeforeModesTestExecutionListener@71f607cc, org.springframework.test.context.support.DependencyInjectionTestExecutionListener@b5b4dea, org.springframework.test.context.support.DirtiesContextTestExecutionListener@4b574728, org.springframework.test.context.transaction.TransactionalTestExecutionListener@d8b4bbc, org.springframework.test.context.jdbc.SqlScriptsTestExecutionListener@4c82f5a6]
2016-06-05 13:06:38.867  INFO 20352 --- [    Test worker] o.s.t.c.transaction.TransactionContext   : Began transaction (1) for test context [DefaultTestContext@6cf8af42 testClass = UserTests, testInstance = kr.kakao.lastExam.UserTests@3bf9dfca, testMethod = userDelete@UserTests, testException = [null], mergedContextConfiguration = [WebMergedContextConfiguration@1d67d5c1 testClass = UserTests, locations = '{}', classes = '{class kr.kakao.lastExam.ApplicationContextForProject}', contextInitializerClasses = '[]', activeProfiles = '{}', propertySourceLocations = '{}', propertySourceProperties = '{}', resourceBasePath = 'src/main/webapp', contextLoader = 'org.springframework.boot.test.SpringApplicationContextLoader', parent = [null]]]; transaction manager [org.springframework.orm.jpa.JpaTransactionManager@6994b313]; rollback [true]
2016-06-05 13:06:38.871  INFO 20352 --- [    Test worker] o.s.t.c.transaction.TransactionContext   : Rolled back transaction for test context [DefaultTestContext@6cf8af42 testClass = UserTests, testInstance = kr.kakao.lastExam.UserTests@3bf9dfca, testMethod = userDelete@UserTests, testException = [null], mergedContextConfiguration = [WebMergedContextConfiguration@1d67d5c1 testClass = UserTests, locations = '{}', classes = '{class kr.kakao.lastExam.ApplicationContextForProject}', contextInitializerClasses = '[]', activeProfiles = '{}', propertySourceLocations = '{}', propertySourceProperties = '{}', resourceBasePath = 'src/main/webapp', contextLoader = 'org.springframework.boot.test.SpringApplicationContextLoader', parent = [null]]].
]]></system-out>
  <system-err><![CDATA[]]></system-err>
</testsuite>
